<?xml version="1.0" encoding="UTF-8"?>
<!-- Generated by org.testng.reporters.JUnitXMLReporter -->
<testsuite hostname="IBM-Testing01" ignored="2" name="Test(failed)" tests="5" failures="2" timestamp="04 Mar 2020 11:04:43 GMT" time="30.554" errors="0">
  <testcase name="startapp" time="14.256" classname="listenerdemoSuiteLevel.AlwaysRunDemo"/>
  <testcase name="checktitle" time="0.016" classname="listenerdemoSuiteLevel.AlwaysRunDemo">
    <failure type="java.lang.AssertionError" message="expected [Demo Web Shop] but found [Demo Web Shop. Login]">
      <![CDATA[java.lang.AssertionError: expected [Demo Web Shop] but found [Demo Web Shop. Login]
at listenerdemoSuiteLevel.AlwaysRunDemo.checktitle(AlwaysRunDemo.java:27)
... Removed 31 stack frames]]>
    </failure>
  </testcase> <!-- checktitle -->
  <testcase name="loginapp" time="0.0" classname="listenerdemoSuiteLevel.AlwaysRunDemo">
    <skipped/>
  </testcase> <!-- loginapp -->
  <testcase name="signoff" time="0.0" classname="listenerdemoSuiteLevel.AlwaysRunDemo">
    <skipped/>
  </testcase> <!-- signoff -->
  <testcase name="checkURL" time="0.012" classname="listenerdemoSuiteLevel.GoogleHomepageTest">
    <failure type="java.lang.AssertionError" message="expected [www.google.com] but found [https://www.google.com/]">
      <![CDATA[java.lang.AssertionError: expected [www.google.com] but found [https://www.google.com/]
at listenerdemoSuiteLevel.GoogleHomepageTest.checkURL(GoogleHomepageTest.java:32)
... Removed 31 stack frames]]>
    </failure>
  </testcase> <!-- checkURL -->
  <testcase name="closebrowser" time="0.0" classname="listenerdemoSuiteLevel.AlwaysRunDemo">
    <ignored/>
  </testcase> <!-- closebrowser -->
  <testcase name="checkLogo" time="0.0" classname="listenerdemoSuiteLevel.GoogleHomepageTest">
    <ignored/>
  </testcase> <!-- checkLogo -->
</testsuite> <!-- Test(failed) -->
